[2024-05-30T02:57:23.651+0000] {local_task_job_runner.py:120} INFO - ::group::Pre task execution logs
[2024-05-30T02:57:23.685+0000] {taskinstance.py:2076} INFO - Dependencies all met for dep_context=non-requeueable deps ti=<TaskInstance: my_weather_workflow_DAG_v04.extract_city_data_from_api manual__2024-05-30T02:54:50.957040+00:00 [queued]>
[2024-05-30T02:57:23.698+0000] {taskinstance.py:2076} INFO - Dependencies all met for dep_context=requeueable deps ti=<TaskInstance: my_weather_workflow_DAG_v04.extract_city_data_from_api manual__2024-05-30T02:54:50.957040+00:00 [queued]>
[2024-05-30T02:57:23.699+0000] {taskinstance.py:2306} INFO - Starting attempt 1 of 6
[2024-05-30T02:57:23.715+0000] {taskinstance.py:2330} INFO - Executing <Task(SimpleHttpOperator): extract_city_data_from_api> on 2024-05-30 02:54:50.957040+00:00
[2024-05-30T02:57:23.723+0000] {standard_task_runner.py:90} INFO - Running: ['***', 'tasks', 'run', 'my_weather_workflow_DAG_v04', 'extract_city_data_from_api', 'manual__2024-05-30T02:54:50.957040+00:00', '--job-id', '51', '--raw', '--subdir', 'DAGS_FOLDER/weather_dag.py', '--cfg-path', '/tmp/tmpb7m4i_jr']
[2024-05-30T02:57:23.726+0000] {standard_task_runner.py:91} INFO - Job 51: Subtask extract_city_data_from_api
[2024-05-30T02:57:23.727+0000] {logging_mixin.py:188} WARNING - /home/***/.local/lib/python3.12/site-packages/***/task/task_runner/standard_task_runner.py:61 DeprecationWarning: This process (pid=433) is multi-threaded, use of fork() may lead to deadlocks in the child.
[2024-05-30T02:57:23.728+0000] {standard_task_runner.py:63} INFO - Started process 435 to run task
[2024-05-30T02:57:23.805+0000] {task_command.py:426} INFO - Running <TaskInstance: my_weather_workflow_DAG_v04.extract_city_data_from_api manual__2024-05-30T02:54:50.957040+00:00 [running]> on host cd9caf1c47f0
[2024-05-30T02:57:24.066+0000] {taskinstance.py:2648} INFO - Exporting env vars: AIRFLOW_CTX_DAG_OWNER='Khang' AIRFLOW_CTX_DAG_ID='my_weather_workflow_DAG_v04' AIRFLOW_CTX_TASK_ID='extract_city_data_from_api' AIRFLOW_CTX_EXECUTION_DATE='2024-05-30T02:54:50.957040+00:00' AIRFLOW_CTX_TRY_NUMBER='1' AIRFLOW_CTX_DAG_RUN_ID='manual__2024-05-30T02:54:50.957040+00:00'
[2024-05-30T02:57:24.067+0000] {taskinstance.py:430} INFO - ::endgroup::
[2024-05-30T02:57:24.084+0000] {http.py:169} INFO - Calling HTTP method
[2024-05-30T02:57:24.105+0000] {base.py:84} INFO - Using connection ID 'city_map_api_connection' for task execution.
[2024-05-30T02:57:24.124+0000] {base.py:84} INFO - Using connection ID 'city_map_api_connection' for task execution.
[2024-05-30T02:57:24.787+0000] {http.py:199} ERROR - HTTP error: Unauthorized
[2024-05-30T02:57:24.788+0000] {http.py:200} ERROR - {"message":"Invalid API key. Go to https:\/\/docs.rapidapi.com\/docs\/keys for more info."}
[2024-05-30T02:57:24.789+0000] {taskinstance.py:441} INFO - ::group::Post task execution logs
[2024-05-30T02:57:24.815+0000] {taskinstance.py:2905} ERROR - Task failed with exception
Traceback (most recent call last):
  File "/home/airflow/.local/lib/python3.12/site-packages/airflow/providers/http/hooks/http.py", line 197, in check_response
    response.raise_for_status()
  File "/home/airflow/.local/lib/python3.12/site-packages/requests/models.py", line 1021, in raise_for_status
    raise HTTPError(http_error_msg, response=self)
requests.exceptions.HTTPError: 401 Client Error: Unauthorized for url: https://wft-geo-db.p.rapidapi.com/v1/geo/cities/Q1854

During handling of the above exception, another exception occurred:

Traceback (most recent call last):
  File "/home/airflow/.local/lib/python3.12/site-packages/airflow/models/taskinstance.py", line 465, in _execute_task
    result = _execute_callable(context=context, **execute_callable_kwargs)
             ^^^^^^^^^^^^^^^^^^^^^^^^^^^^^^^^^^^^^^^^^^^^^^^^^^^^^^^^^^^^^
  File "/home/airflow/.local/lib/python3.12/site-packages/airflow/models/taskinstance.py", line 432, in _execute_callable
    return execute_callable(context=context, **execute_callable_kwargs)
           ^^^^^^^^^^^^^^^^^^^^^^^^^^^^^^^^^^^^^^^^^^^^^^^^^^^^^^^^^^^^
  File "/home/airflow/.local/lib/python3.12/site-packages/airflow/models/baseoperator.py", line 400, in wrapper
    return func(self, *args, **kwargs)
           ^^^^^^^^^^^^^^^^^^^^^^^^^^^
  File "/home/airflow/.local/lib/python3.12/site-packages/airflow/providers/http/operators/http.py", line 166, in execute
    return self.execute_sync(context=context)
           ^^^^^^^^^^^^^^^^^^^^^^^^^^^^^^^^^^
  File "/home/airflow/.local/lib/python3.12/site-packages/airflow/providers/http/operators/http.py", line 170, in execute_sync
    response = self.hook.run(self.endpoint, self.data, self.headers, self.extra_options)
               ^^^^^^^^^^^^^^^^^^^^^^^^^^^^^^^^^^^^^^^^^^^^^^^^^^^^^^^^^^^^^^^^^^^^^^^^^
  File "/home/airflow/.local/lib/python3.12/site-packages/airflow/providers/http/hooks/http.py", line 187, in run
    return self.run_and_check(session, prepped_request, extra_options)
           ^^^^^^^^^^^^^^^^^^^^^^^^^^^^^^^^^^^^^^^^^^^^^^^^^^^^^^^^^^^
  File "/home/airflow/.local/lib/python3.12/site-packages/airflow/providers/http/hooks/http.py", line 238, in run_and_check
    self.check_response(response)
  File "/home/airflow/.local/lib/python3.12/site-packages/airflow/providers/http/hooks/http.py", line 201, in check_response
    raise AirflowException(str(response.status_code) + ":" + response.reason)
airflow.exceptions.AirflowException: 401:Unauthorized
[2024-05-30T02:57:24.830+0000] {taskinstance.py:1206} INFO - Marking task as UP_FOR_RETRY. dag_id=my_weather_workflow_DAG_v04, task_id=extract_city_data_from_api, run_id=manual__2024-05-30T02:54:50.957040+00:00, execution_date=20240530T025450, start_date=20240530T025723, end_date=20240530T025724
[2024-05-30T02:57:24.850+0000] {standard_task_runner.py:110} ERROR - Failed to execute job 51 for task extract_city_data_from_api (401:Unauthorized; 435)
[2024-05-30T02:57:24.867+0000] {local_task_job_runner.py:240} INFO - Task exited with return code 1
[2024-05-30T02:57:24.899+0000] {taskinstance.py:3498} INFO - 0 downstream tasks scheduled from follow-on schedule check
[2024-05-30T02:57:24.901+0000] {local_task_job_runner.py:222} INFO - ::endgroup::
