[2024-06-03T11:05:45.876+0000] {local_task_job_runner.py:120} INFO - ::group::Pre task execution logs
[2024-06-03T11:05:45.897+0000] {taskinstance.py:2076} INFO - Dependencies all met for dep_context=non-requeueable deps ti=<TaskInstance: city_data_workflow_DAG_final.save_data_joined_to_csv manual__2024-06-03T11:05:27.638846+00:00 [queued]>
[2024-06-03T11:05:45.906+0000] {taskinstance.py:2076} INFO - Dependencies all met for dep_context=requeueable deps ti=<TaskInstance: city_data_workflow_DAG_final.save_data_joined_to_csv manual__2024-06-03T11:05:27.638846+00:00 [queued]>
[2024-06-03T11:05:45.907+0000] {taskinstance.py:2306} INFO - Starting attempt 1 of 6
[2024-06-03T11:05:45.920+0000] {taskinstance.py:2330} INFO - Executing <Task(PythonOperator): save_data_joined_to_csv> on 2024-06-03 11:05:27.638846+00:00
[2024-06-03T11:05:45.927+0000] {standard_task_runner.py:90} INFO - Running: ['***', 'tasks', 'run', 'city_data_workflow_DAG_final', 'save_data_joined_to_csv', 'manual__2024-06-03T11:05:27.638846+00:00', '--job-id', '1038', '--raw', '--subdir', 'DAGS_FOLDER/tasks_flow.py', '--cfg-path', '/tmp/tmpdtx82cyi']
[2024-06-03T11:05:45.930+0000] {standard_task_runner.py:91} INFO - Job 1038: Subtask save_data_joined_to_csv
[2024-06-03T11:05:45.933+0000] {logging_mixin.py:188} WARNING - /home/***/.local/lib/python3.12/site-packages/***/task/task_runner/standard_task_runner.py:61 DeprecationWarning: This process (pid=883) is multi-threaded, use of fork() may lead to deadlocks in the child.
[2024-06-03T11:05:45.933+0000] {standard_task_runner.py:63} INFO - Started process 885 to run task
[2024-06-03T11:05:45.986+0000] {task_command.py:426} INFO - Running <TaskInstance: city_data_workflow_DAG_final.save_data_joined_to_csv manual__2024-06-03T11:05:27.638846+00:00 [running]> on host cd9caf1c47f0
[2024-06-03T11:05:46.086+0000] {taskinstance.py:2648} INFO - Exporting env vars: AIRFLOW_CTX_DAG_OWNER='Khang' AIRFLOW_CTX_DAG_ID='city_data_workflow_DAG_final' AIRFLOW_CTX_TASK_ID='save_data_joined_to_csv' AIRFLOW_CTX_EXECUTION_DATE='2024-06-03T11:05:27.638846+00:00' AIRFLOW_CTX_TRY_NUMBER='1' AIRFLOW_CTX_DAG_RUN_ID='manual__2024-06-03T11:05:27.638846+00:00'
[2024-06-03T11:05:46.087+0000] {taskinstance.py:430} INFO - ::endgroup::
[2024-06-03T11:05:46.126+0000] {taskinstance.py:441} INFO - ::group::Post task execution logs
[2024-06-03T11:05:46.127+0000] {taskinstance.py:2905} ERROR - Task failed with exception
Traceback (most recent call last):
  File "/home/airflow/.local/lib/python3.12/site-packages/pandas/core/internals/construction.py", line 939, in _finalize_columns_and_data
    columns = _validate_or_indexify_columns(contents, columns)
              ^^^^^^^^^^^^^^^^^^^^^^^^^^^^^^^^^^^^^^^^^^^^^^^^
  File "/home/airflow/.local/lib/python3.12/site-packages/pandas/core/internals/construction.py", line 986, in _validate_or_indexify_columns
    raise AssertionError(
AssertionError: 14 columns passed, passed data had 13 columns

The above exception was the direct cause of the following exception:

Traceback (most recent call last):
  File "/home/airflow/.local/lib/python3.12/site-packages/airflow/models/taskinstance.py", line 465, in _execute_task
    result = _execute_callable(context=context, **execute_callable_kwargs)
             ^^^^^^^^^^^^^^^^^^^^^^^^^^^^^^^^^^^^^^^^^^^^^^^^^^^^^^^^^^^^^
  File "/home/airflow/.local/lib/python3.12/site-packages/airflow/models/taskinstance.py", line 432, in _execute_callable
    return execute_callable(context=context, **execute_callable_kwargs)
           ^^^^^^^^^^^^^^^^^^^^^^^^^^^^^^^^^^^^^^^^^^^^^^^^^^^^^^^^^^^^
  File "/home/airflow/.local/lib/python3.12/site-packages/airflow/models/baseoperator.py", line 400, in wrapper
    return func(self, *args, **kwargs)
           ^^^^^^^^^^^^^^^^^^^^^^^^^^^
  File "/home/airflow/.local/lib/python3.12/site-packages/airflow/operators/python.py", line 235, in execute
    return_value = self.execute_callable()
                   ^^^^^^^^^^^^^^^^^^^^^^^
  File "/home/airflow/.local/lib/python3.12/site-packages/airflow/operators/python.py", line 252, in execute_callable
    return self.python_callable(*self.op_args, **self.op_kwargs)
           ^^^^^^^^^^^^^^^^^^^^^^^^^^^^^^^^^^^^^^^^^^^^^^^^^^^^^
  File "/opt/airflow/dags/tasks_flow.py", line 51, in save_data_joined_to_csv
    df_data = pd.DataFrame(data_joined, columns=[
              ^^^^^^^^^^^^^^^^^^^^^^^^^^^^^^^^^^^
  File "/home/airflow/.local/lib/python3.12/site-packages/pandas/core/frame.py", line 806, in __init__
    arrays, columns, index = nested_data_to_arrays(
                             ^^^^^^^^^^^^^^^^^^^^^^
  File "/home/airflow/.local/lib/python3.12/site-packages/pandas/core/internals/construction.py", line 520, in nested_data_to_arrays
    arrays, columns = to_arrays(data, columns, dtype=dtype)
                      ^^^^^^^^^^^^^^^^^^^^^^^^^^^^^^^^^^^^^
  File "/home/airflow/.local/lib/python3.12/site-packages/pandas/core/internals/construction.py", line 845, in to_arrays
    content, columns = _finalize_columns_and_data(arr, columns, dtype)
                       ^^^^^^^^^^^^^^^^^^^^^^^^^^^^^^^^^^^^^^^^^^^^^^^
  File "/home/airflow/.local/lib/python3.12/site-packages/pandas/core/internals/construction.py", line 942, in _finalize_columns_and_data
    raise ValueError(err) from err
ValueError: 14 columns passed, passed data had 13 columns
[2024-06-03T11:05:46.152+0000] {taskinstance.py:1206} INFO - Marking task as UP_FOR_RETRY. dag_id=city_data_workflow_DAG_final, task_id=save_data_joined_to_csv, run_id=manual__2024-06-03T11:05:27.638846+00:00, execution_date=20240603T110527, start_date=20240603T110545, end_date=20240603T110546
[2024-06-03T11:05:46.167+0000] {standard_task_runner.py:110} ERROR - Failed to execute job 1038 for task save_data_joined_to_csv (14 columns passed, passed data had 13 columns; 885)
[2024-06-03T11:05:46.188+0000] {local_task_job_runner.py:240} INFO - Task exited with return code 1
[2024-06-03T11:05:46.203+0000] {logging_mixin.py:188} WARNING - /home/***/.local/lib/python3.12/site-packages/***/models/baseoperator.py:1296 AirflowProviderDeprecationWarning: Call to deprecated class PostgresOperator. (Please use `***.providers.common.sql.operators.sql.SQLExecuteQueryOperator`.Also, you can provide `hook_params={'schema': <database>}`.)
[2024-06-03T11:05:46.217+0000] {taskinstance.py:3498} INFO - 0 downstream tasks scheduled from follow-on schedule check
[2024-06-03T11:05:46.220+0000] {local_task_job_runner.py:222} INFO - ::endgroup::
